Already up to date.
Already up to date.
2024-09-12 09:07:10.941495: I tensorflow/core/util/port.cc:153] oneDNN custom operations are on. You may see slightly different numerical results due to floating-point round-off errors from different computation orders. To turn them off, set the environment variable `TF_ENABLE_ONEDNN_OPTS=0`.
2024-09-12 09:07:10.958152: E external/local_xla/xla/stream_executor/cuda/cuda_fft.cc:485] Unable to register cuFFT factory: Attempting to register factory for plugin cuFFT when one has already been registered
2024-09-12 09:07:10.977530: E external/local_xla/xla/stream_executor/cuda/cuda_dnn.cc:8454] Unable to register cuDNN factory: Attempting to register factory for plugin cuDNN when one has already been registered
2024-09-12 09:07:10.983390: E external/local_xla/xla/stream_executor/cuda/cuda_blas.cc:1452] Unable to register cuBLAS factory: Attempting to register factory for plugin cuBLAS when one has already been registered
2024-09-12 09:07:10.997768: I tensorflow/core/platform/cpu_feature_guard.cc:210] This TensorFlow binary is optimized to use available CPU instructions in performance-critical operations.
To enable the following instructions: AVX2 AVX512F AVX512_VNNI FMA, in other operations, rebuild TensorFlow with the appropriate compiler flags.
2024-09-12 09:07:12.266264: W tensorflow/compiler/tf2tensorrt/utils/py_utils.cc:38] TF-TRT Warning: Could not find TensorRT
/usr/local/lib/python3.10/dist-packages/diffusers/utils/outputs.py:63: FutureWarning: `torch.utils._pytree._register_pytree_node` is deprecated. Please use `torch.utils._pytree.register_pytree_node` instead.
  torch.utils._pytree._register_pytree_node(
/usr/local/lib/python3.10/dist-packages/xformers/ops/fmha/flash.py:211: FutureWarning: `torch.library.impl_abstract` was renamed to `torch.library.register_fake`. Please use that instead; we will remove `torch.library.impl_abstract` in a future version of PyTorch.
  @torch.library.impl_abstract("xformers_flash::flash_fwd")
/usr/local/lib/python3.10/dist-packages/xformers/ops/fmha/flash.py:344: FutureWarning: `torch.library.impl_abstract` was renamed to `torch.library.register_fake`. Please use that instead; we will remove `torch.library.impl_abstract` in a future version of PyTorch.
  @torch.library.impl_abstract("xformers_flash::flash_bwd")
/usr/local/lib/python3.10/dist-packages/diffusers/utils/outputs.py:63: FutureWarning: `torch.utils._pytree._register_pytree_node` is deprecated. Please use `torch.utils._pytree.register_pytree_node` instead.
  torch.utils._pytree._register_pytree_node(
/usr/local/lib/python3.10/dist-packages/diffusers/utils/outputs.py:63: FutureWarning: `torch.utils._pytree._register_pytree_node` is deprecated. Please use `torch.utils._pytree.register_pytree_node` instead.
  torch.utils._pytree._register_pytree_node(
/usr/local/lib/python3.10/dist-packages/huggingface_hub/file_download.py:1150: FutureWarning: `resume_download` is deprecated and will be removed in version 1.0.0. Downloads always resume when possible. If you want to force a new download, use `force_download=True`.
  warnings.warn(
/usr/local/lib/python3.10/dist-packages/diffusers/utils/outputs.py:63: FutureWarning: `torch.utils._pytree._register_pytree_node` is deprecated. Please use `torch.utils._pytree.register_pytree_node` instead.
  torch.utils._pytree._register_pytree_node(
After loading unet_encoder + other models: 0.41GB 39.56GB
The config attributes {'decay': 0.9999, 'inv_gamma': 1.0, 'min_decay': 0.0, 'optimization_step': 37000, 'power': 0.6666666666666666, 'update_after_step': 0, 'use_ema_warmup': False} were passed to UNet2DConditionModel, but are not expected and will be ignored. Please verify your config.json configuration file.
Some weights of UNet2DConditionModel were not initialized from the model checkpoint at diffusers/stable-diffusion-xl-1.0-inpainting-0.1 and are newly initialized: ['up_blocks.0.attentions.2.transformer_blocks.7.attn2.processor.to_v_ip.weight', 'up_blocks.0.attentions.1.transformer_blocks.9.attn2.processor.to_k_ip.weight', 'up_blocks.0.attentions.2.transformer_blocks.0.attn2.processor.to_v_ip.weight', 'down_blocks.2.attentions.1.transformer_blocks.0.attn2.processor.to_v_ip.weight', 'down_blocks.2.attentions.1.transformer_blocks.4.attn2.processor.to_k_ip.weight', 'up_blocks.1.attentions.0.transformer_blocks.1.attn2.processor.to_k_ip.weight', 'down_blocks.2.attentions.0.transformer_blocks.8.attn2.processor.to_k_ip.weight', 'up_blocks.0.attentions.1.transformer_blocks.3.attn2.processor.to_k_ip.weight', 'down_blocks.2.attentions.0.transformer_blocks.0.attn2.processor.to_v_ip.weight', 'down_blocks.2.attentions.1.transformer_blocks.2.attn2.processor.to_v_ip.weight', 'down_blocks.2.attentions.1.transformer_blocks.9.attn2.processor.to_v_ip.weight', 'mid_block.attentions.0.transformer_blocks.0.attn2.processor.to_v_ip.weight', 'up_blocks.0.attentions.2.transformer_blocks.8.attn2.processor.to_v_ip.weight', 'up_blocks.0.attentions.2.transformer_blocks.9.attn2.processor.to_v_ip.weight', 'up_blocks.0.attentions.1.transformer_blocks.5.attn2.processor.to_v_ip.weight', 'up_blocks.0.attentions.0.transformer_blocks.8.attn2.processor.to_k_ip.weight', 'down_blocks.2.attentions.0.transformer_blocks.4.attn2.processor.to_k_ip.weight', 'down_blocks.2.attentions.0.transformer_blocks.3.attn2.processor.to_v_ip.weight', 'down_blocks.2.attentions.1.transformer_blocks.7.attn2.processor.to_v_ip.weight', 'down_blocks.1.attentions.0.transformer_blocks.0.attn2.processor.to_k_ip.weight', 'down_blocks.2.attentions.0.transformer_blocks.0.attn2.processor.to_k_ip.weight', 'down_blocks.1.attentions.0.transformer_blocks.1.attn2.processor.to_k_ip.weight', 'up_blocks.0.attentions.0.transformer_blocks.1.attn2.processor.to_v_ip.weight', 'mid_block.attentions.0.transformer_blocks.8.attn2.processor.to_k_ip.weight', 'up_blocks.0.attentions.1.transformer_blocks.8.attn2.processor.to_v_ip.weight', 'mid_block.attentions.0.transformer_blocks.5.attn2.processor.to_k_ip.weight', 'mid_block.attentions.0.transformer_blocks.3.attn2.processor.to_k_ip.weight', 'up_blocks.0.attentions.2.transformer_blocks.6.attn2.processor.to_v_ip.weight', 'down_blocks.2.attentions.1.transformer_blocks.5.attn2.processor.to_k_ip.weight', 'down_blocks.2.attentions.1.transformer_blocks.3.attn2.processor.to_v_ip.weight', 'up_blocks.0.attentions.1.transformer_blocks.9.attn2.processor.to_v_ip.weight', 'up_blocks.0.attentions.2.transformer_blocks.2.attn2.processor.to_v_ip.weight', 'down_blocks.1.attentions.1.transformer_blocks.1.attn2.processor.to_k_ip.weight', 'mid_block.attentions.0.transformer_blocks.1.attn2.processor.to_k_ip.weight', 'mid_block.attentions.0.transformer_blocks.2.attn2.processor.to_v_ip.weight', 'up_blocks.0.attentions.2.transformer_blocks.9.attn2.processor.to_k_ip.weight', 'up_blocks.0.attentions.2.transformer_blocks.3.attn2.processor.to_k_ip.weight', 'up_blocks.0.attentions.0.transformer_blocks.0.attn2.processor.to_k_ip.weight', 'up_blocks.0.attentions.1.transformer_blocks.3.attn2.processor.to_v_ip.weight', 'down_blocks.2.attentions.1.transformer_blocks.8.attn2.processor.to_k_ip.weight', 'down_blocks.2.attentions.0.transformer_blocks.6.attn2.processor.to_k_ip.weight', 'up_blocks.0.attentions.1.transformer_blocks.0.attn2.processor.to_k_ip.weight', 'up_blocks.0.attentions.2.transformer_blocks.1.attn2.processor.to_k_ip.weight', 'down_blocks.2.attentions.1.transformer_blocks.1.attn2.processor.to_k_ip.weight', 'down_blocks.2.attentions.1.transformer_blocks.6.attn2.processor.to_k_ip.weight', 'up_blocks.0.attentions.1.transformer_blocks.8.attn2.processor.to_k_ip.weight', 'down_blocks.2.attentions.0.transformer_blocks.2.attn2.processor.to_k_ip.weight', 'down_blocks.2.attentions.0.transformer_blocks.4.attn2.processor.to_v_ip.weight', 'up_blocks.0.attentions.2.transformer_blocks.4.attn2.processor.to_v_ip.weight', 'down_blocks.2.attentions.0.transformer_blocks.1.attn2.processor.to_v_ip.weight', 'up_blocks.0.attentions.2.transformer_blocks.0.attn2.processor.to_k_ip.weight', 'up_blocks.1.attentions.1.transformer_blocks.1.attn2.processor.to_k_ip.weight', 'down_blocks.2.attentions.1.transformer_blocks.8.attn2.processor.to_v_ip.weight', 'down_blocks.2.attentions.0.transformer_blocks.7.attn2.processor.to_v_ip.weight', 'mid_block.attentions.0.transformer_blocks.4.attn2.processor.to_k_ip.weight', 'up_blocks.0.attentions.2.transformer_blocks.1.attn2.processor.to_v_ip.weight', 'down_blocks.2.attentions.1.transformer_blocks.5.attn2.processor.to_v_ip.weight', 'up_blocks.0.attentions.2.transformer_blocks.5.attn2.processor.to_k_ip.weight', 'down_blocks.2.attentions.0.transformer_blocks.9.attn2.processor.to_v_ip.weight', 'up_blocks.0.attentions.0.transformer_blocks.3.attn2.processor.to_k_ip.weight', 'up_blocks.0.attentions.0.transformer_blocks.6.attn2.processor.to_v_ip.weight', 'mid_block.attentions.0.transformer_blocks.8.attn2.processor.to_v_ip.weight', 'down_blocks.1.attentions.1.transformer_blocks.1.attn2.processor.to_v_ip.weight', 'mid_block.attentions.0.transformer_blocks.5.attn2.processor.to_v_ip.weight', 'up_blocks.1.attentions.1.transformer_blocks.0.attn2.processor.to_k_ip.weight', 'up_blocks.0.attentions.2.transformer_blocks.2.attn2.processor.to_k_ip.weight', 'up_blocks.0.attentions.0.transformer_blocks.2.attn2.processor.to_k_ip.weight', 'down_blocks.2.attentions.1.transformer_blocks.3.attn2.processor.to_k_ip.weight', 'up_blocks.1.attentions.2.transformer_blocks.0.attn2.processor.to_k_ip.weight', 'up_blocks.1.attentions.1.transformer_blocks.0.attn2.processor.to_v_ip.weight', 'up_blocks.0.attentions.2.transformer_blocks.7.attn2.processor.to_k_ip.weight', 'up_blocks.1.attentions.2.transformer_blocks.1.attn2.processor.to_k_ip.weight', 'down_blocks.2.attentions.0.transformer_blocks.3.attn2.processor.to_k_ip.weight', 'mid_block.attentions.0.transformer_blocks.6.attn2.processor.to_v_ip.weight', 'up_blocks.0.attentions.1.transformer_blocks.2.attn2.processor.to_v_ip.weight', 'down_blocks.2.attentions.0.transformer_blocks.5.attn2.processor.to_k_ip.weight', 'up_blocks.0.attentions.0.transformer_blocks.7.attn2.processor.to_k_ip.weight', 'up_blocks.0.attentions.0.transformer_blocks.6.attn2.processor.to_k_ip.weight', 'down_blocks.2.attentions.1.transformer_blocks.0.attn2.processor.to_k_ip.weight', 'down_blocks.2.attentions.0.transformer_blocks.9.attn2.processor.to_k_ip.weight', 'mid_block.attentions.0.transformer_blocks.6.attn2.processor.to_k_ip.weight', 'up_blocks.0.attentions.2.transformer_blocks.3.attn2.processor.to_v_ip.weight', 'up_blocks.0.attentions.1.transformer_blocks.6.attn2.processor.to_k_ip.weight', 'down_blocks.2.attentions.1.transformer_blocks.1.attn2.processor.to_v_ip.weight', 'up_blocks.0.attentions.0.transformer_blocks.4.attn2.processor.to_k_ip.weight', 'down_blocks.2.attentions.0.transformer_blocks.1.attn2.processor.to_k_ip.weight', 'down_blocks.2.attentions.0.transformer_blocks.6.attn2.processor.to_v_ip.weight', 'down_blocks.2.attentions.1.transformer_blocks.4.attn2.processor.to_v_ip.weight', 'up_blocks.0.attentions.0.transformer_blocks.9.attn2.processor.to_v_ip.weight', 'mid_block.attentions.0.transformer_blocks.3.attn2.processor.to_v_ip.weight', 'up_blocks.0.attentions.1.transformer_blocks.5.attn2.processor.to_k_ip.weight', 'up_blocks.0.attentions.1.transformer_blocks.4.attn2.processor.to_k_ip.weight', 'down_blocks.2.attentions.0.transformer_blocks.8.attn2.processor.to_v_ip.weight', 'mid_block.attentions.0.transformer_blocks.7.attn2.processor.to_k_ip.weight', 'down_blocks.2.attentions.1.transformer_blocks.9.attn2.processor.to_k_ip.weight', 'down_blocks.1.attentions.0.transformer_blocks.0.attn2.processor.to_v_ip.weight', 'up_blocks.0.attentions.2.transformer_blocks.8.attn2.processor.to_k_ip.weight', 'up_blocks.0.attentions.1.transformer_blocks.0.attn2.processor.to_v_ip.weight', 'up_blocks.0.attentions.0.transformer_blocks.8.attn2.processor.to_v_ip.weight', 'down_blocks.1.attentions.0.transformer_blocks.1.attn2.processor.to_v_ip.weight', 'down_blocks.2.attentions.0.transformer_blocks.7.attn2.processor.to_k_ip.weight', 'down_blocks.2.attentions.0.transformer_blocks.5.attn2.processor.to_v_ip.weight', 'up_blocks.0.attentions.0.transformer_blocks.2.attn2.processor.to_v_ip.weight', 'mid_block.attentions.0.transformer_blocks.2.attn2.processor.to_k_ip.weight', 'down_blocks.2.attentions.1.transformer_blocks.2.attn2.processor.to_k_ip.weight', 'mid_block.attentions.0.transformer_blocks.7.attn2.processor.to_v_ip.weight', 'up_blocks.1.attentions.2.transformer_blocks.0.attn2.processor.to_v_ip.weight', 'up_blocks.1.attentions.2.transformer_blocks.1.attn2.processor.to_v_ip.weight', 'up_blocks.0.attentions.0.transformer_blocks.9.attn2.processor.to_k_ip.weight', 'up_blocks.0.attentions.1.transformer_blocks.7.attn2.processor.to_v_ip.weight', 'up_blocks.1.attentions.0.transformer_blocks.1.attn2.processor.to_v_ip.weight', 'up_blocks.0.attentions.1.transformer_blocks.1.attn2.processor.to_v_ip.weight', 'down_blocks.2.attentions.0.transformer_blocks.2.attn2.processor.to_v_ip.weight', 'up_blocks.0.attentions.0.transformer_blocks.3.attn2.processor.to_v_ip.weight', 'mid_block.attentions.0.transformer_blocks.9.attn2.processor.to_v_ip.weight', 'mid_block.attentions.0.transformer_blocks.4.attn2.processor.to_v_ip.weight', 'up_blocks.0.attentions.1.transformer_blocks.4.attn2.processor.to_v_ip.weight', 'up_blocks.0.attentions.1.transformer_blocks.7.attn2.processor.to_k_ip.weight', 'up_blocks.0.attentions.2.transformer_blocks.4.attn2.processor.to_k_ip.weight', 'up_blocks.0.attentions.1.transformer_blocks.2.attn2.processor.to_k_ip.weight', 'down_blocks.2.attentions.1.transformer_blocks.6.attn2.processor.to_v_ip.weight', 'up_blocks.0.attentions.0.transformer_blocks.0.attn2.processor.to_v_ip.weight', 'mid_block.attentions.0.transformer_blocks.9.attn2.processor.to_k_ip.weight', 'up_blocks.0.attentions.0.transformer_blocks.7.attn2.processor.to_v_ip.weight', 'down_blocks.2.attentions.1.transformer_blocks.7.attn2.processor.to_k_ip.weight', 'up_blocks.1.attentions.0.transformer_blocks.0.attn2.processor.to_k_ip.weight', 'mid_block.attentions.0.transformer_blocks.1.attn2.processor.to_v_ip.weight', 'down_blocks.1.attentions.1.transformer_blocks.0.attn2.processor.to_k_ip.weight', 'up_blocks.0.attentions.2.transformer_blocks.6.attn2.processor.to_k_ip.weight', 'down_blocks.1.attentions.1.transformer_blocks.0.attn2.processor.to_v_ip.weight', 'up_blocks.0.attentions.0.transformer_blocks.5.attn2.processor.to_k_ip.weight', 'up_blocks.0.attentions.0.transformer_blocks.5.attn2.processor.to_v_ip.weight', 'up_blocks.0.attentions.0.transformer_blocks.4.attn2.processor.to_v_ip.weight', 'mid_block.attentions.0.transformer_blocks.0.attn2.processor.to_k_ip.weight', 'up_blocks.1.attentions.0.transformer_blocks.0.attn2.processor.to_v_ip.weight', 'up_blocks.0.attentions.1.transformer_blocks.1.attn2.processor.to_k_ip.weight', 'up_blocks.0.attentions.0.transformer_blocks.1.attn2.processor.to_k_ip.weight', 'up_blocks.0.attentions.2.transformer_blocks.5.attn2.processor.to_v_ip.weight', 'up_blocks.1.attentions.1.transformer_blocks.1.attn2.processor.to_v_ip.weight', 'up_blocks.0.attentions.1.transformer_blocks.6.attn2.processor.to_v_ip.weight']
You should probably TRAIN this model on a down-stream task to be able to use it for predictions and inference.
After unet: 0.41GB 39.56GB
/content/IDM-VTON/train_xl.py:348: FutureWarning: You are using `torch.load` with `weights_only=False` (the current default value), which uses the default pickle module implicitly. It is possible to construct malicious pickle data which will execute arbitrary code during unpickling (See https://github.com/pytorch/pytorch/blob/main/SECURITY.md#untrusted-models for more details). In a future release, the default value for `weights_only` will be flipped to `True`. This limits the functions that could be executed during unpickling. Arbitrary objects will no longer be allowed to be loaded via this mode unless they are explicitly allowlisted by the user via `torch.serialization.add_safe_globals`. We recommend you start setting `weights_only=True` for any use case where you don't have full control of the loaded file. Please open an issue on GitHub for any issues related to this experimental feature.
  state_dict = torch.load(args.pretrained_ip_adapter_path, map_location="cpu")
After ip_adapter: 0.74GB 39.56GB
After moving: 16.38GB 39.56GB
After requires_grad: 16.38GB 39.56GB
After optimizer: 16.38GB 39.56GB
/usr/local/lib/python3.10/dist-packages/torch/utils/data/dataloader.py:557: UserWarning: This DataLoader will create 16 worker processes in total. Our suggested max number of worker in current system is 12, which is smaller than what this DataLoader is going to create. Please be aware that excessive worker creation might get DataLoader running slow or even freeze, lower the worker number to avoid potential slowness/freeze if necessary.
  warnings.warn(_create_warning_msg(
Steps:   0% 0/5200 [00:00<?, ?it/s]/usr/lib/python3.10/multiprocessing/popen_fork.py:66: RuntimeWarning: os.fork() was called. os.fork() is incompatible with multithreaded code, and JAX is multithreaded, so this will likely lead to a deadlock.
  self.pid = os.fork()
before computation: 29.17GB 39.56GB
Traceback (most recent call last):
  File "/content/IDM-VTON/train_xl.py", line 819, in <module>
    main()    
  File "/content/IDM-VTON/train_xl.py", line 726, in main
    down,reference_features = unet_encoder(cloth_values,timesteps, text_embeds_cloth,return_dict=False)
  File "/usr/local/lib/python3.10/dist-packages/torch/nn/modules/module.py", line 1553, in _wrapped_call_impl
    return self._call_impl(*args, **kwargs)
  File "/usr/local/lib/python3.10/dist-packages/torch/nn/modules/module.py", line 1562, in _call_impl
    return forward_call(*args, **kwargs)
  File "/content/IDM-VTON/src/unet_hacked_garmnet.py", line 1052, in forward
    emb = self.time_embedding(t_emb, timestep_cond)
  File "/usr/local/lib/python3.10/dist-packages/torch/nn/modules/module.py", line 1553, in _wrapped_call_impl
    return self._call_impl(*args, **kwargs)
  File "/usr/local/lib/python3.10/dist-packages/torch/nn/modules/module.py", line 1562, in _call_impl
    return forward_call(*args, **kwargs)
  File "/usr/local/lib/python3.10/dist-packages/diffusers/models/embeddings.py", line 228, in forward
    sample = self.linear_1(sample)
  File "/usr/local/lib/python3.10/dist-packages/torch/nn/modules/module.py", line 1553, in _wrapped_call_impl
    return self._call_impl(*args, **kwargs)
  File "/usr/local/lib/python3.10/dist-packages/torch/nn/modules/module.py", line 1562, in _call_impl
    return forward_call(*args, **kwargs)
  File "/usr/local/lib/python3.10/dist-packages/diffusers/models/lora.py", line 430, in forward
    out = super().forward(hidden_states)
  File "/usr/local/lib/python3.10/dist-packages/torch/nn/modules/linear.py", line 117, in forward
    return F.linear(input, self.weight, self.bias)
RuntimeError: mat1 and mat2 must have the same dtype, but got Half and Float
Steps:   0% 0/5200 [00:06<?, ?it/s]
Traceback (most recent call last):
  File "/usr/local/bin/accelerate", line 8, in <module>
    sys.exit(main())
  File "/usr/local/lib/python3.10/dist-packages/accelerate/commands/accelerate_cli.py", line 48, in main
    args.func(args)
  File "/usr/local/lib/python3.10/dist-packages/accelerate/commands/launch.py", line 1106, in launch_command
    simple_launcher(args)
  File "/usr/local/lib/python3.10/dist-packages/accelerate/commands/launch.py", line 704, in simple_launcher
    raise subprocess.CalledProcessError(returncode=process.returncode, cmd=cmd)
subprocess.CalledProcessError: Command '['/usr/bin/python3', 'train_xl.py', '--gradient_checkpointing', '--use_8bit_adam', '--output_dir=output', '--train_batch_size=1', '--pretrained_ip_adapter_path', 'ip_adapter/ip-adapter-plus_sdxl_vit-h.bin', '--image_encoder_path', 'image_encoder', '--data_dir=data']' returned non-zero exit status 1.